{"name": "test_open_hair_category_page", "status": "broken", "statusDetails": {"message": "selenium.common.exceptions.TimeoutException: Message:", "trace": "open_login_page = <page_objects.site_pages.LoginPage object at 0x000002A800D5F100>, expand_dropdown_menu = <page_objects.site_pages.LoginPage object at 0x000002A800D5F100>\nenv = <utilities.configuration.Configuration object at 0x000002A8003D4A60>\n\n    @pytest.fixture()\n    def open_main_page(open_login_page, expand_dropdown_menu, env):\n>       return expand_dropdown_menu.login(env.email, env.password)\n\nconftest.py:66: \n_ _ _ _ _ _ _ _ _ _ _ _ _ _ _ _ _ _ _ _ _ _ _ _ _ _ _ _ _ _ _ _ _ _ _ _ _ _ _ _ _ _ _ _ _ _ _ _ _ _ _ _ _ _ _ _ _ _ _ _ _ _ _ _ _ _ _ _ _ _ _ _ _ _ _ _ _ _ _ _ _ _ _ _ _ _ _ _ _ _ _ _\npage_objects\\site_pages.py:223: in login\n    self.set_email(email).set_password(password).click_login_button()\npage_objects\\site_pages.py:218: in click_login_button\n    self._is_element_disappeared(locator=self.__dropdown_popup)\nutilities\\web_ui\\base_page.py:40: in _is_element_disappeared\n    return self.__wait.until(EC.invisibility_of_element_located(locator=locator))\n_ _ _ _ _ _ _ _ _ _ _ _ _ _ _ _ _ _ _ _ _ _ _ _ _ _ _ _ _ _ _ _ _ _ _ _ _ _ _ _ _ _ _ _ _ _ _ _ _ _ _ _ _ _ _ _ _ _ _ _ _ _ _ _ _ _ _ _ _ _ _ _ _ _ _ _ _ _ _ _ _ _ _ _ _ _ _ _ _ _ _ _\n\nself = <selenium.webdriver.support.wait.WebDriverWait (session=\"1ec61062461f65a59671a3fcf6b00710\")>\nmethod = <function invisibility_of_element_located.<locals>._predicate at 0x000002A80050A160>, message = ''\n\n    def until(self, method, message: str = \"\"):\n        \"\"\"Calls the method provided with the driver as an argument until the \\\n        return value does not evaluate to ``False``.\n    \n        :param method: callable(WebDriver)\n        :param message: optional message for :exc:`TimeoutException`\n        :returns: the result of the last call to `method`\n        :raises: :exc:`selenium.common.exceptions.TimeoutException` if timeout occurs\n        \"\"\"\n        screen = None\n        stacktrace = None\n    \n        end_time = time.monotonic() + self._timeout\n        while True:\n            try:\n                value = method(self._driver)\n                if value:\n                    return value\n            except self._ignored_exceptions as exc:\n                screen = getattr(exc, \"screen\", None)\n                stacktrace = getattr(exc, \"stacktrace\", None)\n            time.sleep(self._poll)\n            if time.monotonic() > end_time:\n                break\n>       raise TimeoutException(message, screen, stacktrace)\nE       selenium.common.exceptions.TimeoutException: Message:\n\nvenv\\lib\\site-packages\\selenium\\webdriver\\support\\wait.py:95: TimeoutException"}, "start": 1681757649702, "stop": 1681757649702, "uuid": "2958e61c-14ed-4be3-b4a9-f7d7258a5299", "historyId": "0d96f2b7145d061f0008ec10ac286db5", "testCaseId": "bddb43f9e1845ab4fdb2af7beb0db11f", "fullName": "tests.ui_tests.test_main_page#test_open_hair_category_page", "labels": [{"name": "tag", "value": "smoke"}, {"name": "tag", "value": "main"}, {"name": "parentSuite", "value": "tests.ui_tests"}, {"name": "suite", "value": "test_main_page"}, {"name": "host", "value": "DESKTOP-AI869SF"}, {"name": "thread", "value": "8216-MainThread"}, {"name": "framework", "value": "pytest"}, {"name": "language", "value": "cpython3"}, {"name": "package", "value": "tests.ui_tests.test_main_page"}]}