{"name": "test_failed_login", "status": "broken", "statusDetails": {"message": "selenium.common.exceptions.TimeoutException: Message:", "trace": "expand_dropdown_menu = <page_objects.site_pages.LoginPage object at 0x000001BB40317280>\n\n    @pytest.mark.login\n    @pytest.mark.smoke\n    def test_failed_login(expand_dropdown_menu):\n>       main_page = expand_dropdown_menu.set_email(get_user_creds()[1]).set_password(\n            get_user_creds()[1]).click_login_button()\n\ntests\\ui_tests\\test_login_page.py:16: \n_ _ _ _ _ _ _ _ _ _ _ _ _ _ _ _ _ _ _ _ _ _ _ _ _ _ _ _ _ _ _ _ _ _ _ _ _ _ _ _ _ _ _ _ _ _ _ _ _ _ _ _ _ _ _ _ _ _ _ _ _ _ _ _ _ _ _ _ _ _ _ _ _ _ _ _ _ _ _ _ _ _ _ _ _ _ _ _ _ _ _ _\npage_objects\\site_pages.py:218: in click_login_button\n    self._is_element_disappeared(locator=self.__dropdown_popup)\nutilities\\web_ui\\base_page.py:40: in _is_element_disappeared\n    return self.__wait.until(EC.invisibility_of_element_located(locator=locator))\n_ _ _ _ _ _ _ _ _ _ _ _ _ _ _ _ _ _ _ _ _ _ _ _ _ _ _ _ _ _ _ _ _ _ _ _ _ _ _ _ _ _ _ _ _ _ _ _ _ _ _ _ _ _ _ _ _ _ _ _ _ _ _ _ _ _ _ _ _ _ _ _ _ _ _ _ _ _ _ _ _ _ _ _ _ _ _ _ _ _ _ _\n\nself = <selenium.webdriver.support.wait.WebDriverWait (session=\"2e71d5b9ece09d92b1baadbf91a6ea14\")>\nmethod = <function invisibility_of_element_located.<locals>._predicate at 0x000001BB40348AF0>, message = ''\n\n    def until(self, method, message: str = \"\"):\n        \"\"\"Calls the method provided with the driver as an argument until the \\\n        return value does not evaluate to ``False``.\n    \n        :param method: callable(WebDriver)\n        :param message: optional message for :exc:`TimeoutException`\n        :returns: the result of the last call to `method`\n        :raises: :exc:`selenium.common.exceptions.TimeoutException` if timeout occurs\n        \"\"\"\n        screen = None\n        stacktrace = None\n    \n        end_time = time.monotonic() + self._timeout\n        while True:\n            try:\n                value = method(self._driver)\n                if value:\n                    return value\n            except self._ignored_exceptions as exc:\n                screen = getattr(exc, \"screen\", None)\n                stacktrace = getattr(exc, \"stacktrace\", None)\n            time.sleep(self._poll)\n            if time.monotonic() > end_time:\n                break\n>       raise TimeoutException(message, screen, stacktrace)\nE       selenium.common.exceptions.TimeoutException: Message:\n\nvenv\\lib\\site-packages\\selenium\\webdriver\\support\\wait.py:95: TimeoutException"}, "steps": [{"name": "set_email", "status": "passed", "steps": [{"name": "_send_keys", "status": "passed", "parameters": [{"name": "locator", "value": "('xpath', \"//input[@name= 'user_login']\")"}, {"name": "value", "value": "'gloria2130'"}, {"name": "is_clear", "value": "True"}], "start": 1681754959038, "stop": 1681754959265}], "parameters": [{"name": "email", "value": "'gloria2130'"}], "start": 1681754959038, "stop": 1681754959265}, {"name": "set_password", "status": "passed", "steps": [{"name": "_send_keys", "status": "passed", "parameters": [{"name": "locator", "value": "('xpath', \"//input[@name= 'user_pw']\")"}, {"name": "value", "value": "'gloria2130'"}, {"name": "is_clear", "value": "True"}], "start": 1681754959265, "stop": 1681754959495}], "parameters": [{"name": "password", "value": "'gloria2130'"}], "start": 1681754959265, "stop": 1681754959495}, {"name": "click_login_button", "status": "broken", "statusDetails": {"message": "selenium.common.exceptions.TimeoutException: Message: \n\n", "trace": "  File \"C:\\Users\\Freshmilk\\PycharmProjects\\hillel\\venv\\lib\\site-packages\\allure_commons\\_allure.py\", line 192, in impl\n    return func(*a, **kw)\n  File \"C:\\Users\\Freshmilk\\PycharmProjects\\hillel\\page_objects\\site_pages.py\", line 218, in click_login_button\n    self._is_element_disappeared(locator=self.__dropdown_popup)\n  File \"C:\\Users\\Freshmilk\\PycharmProjects\\hillel\\utilities\\web_ui\\base_page.py\", line 40, in _is_element_disappeared\n    return self.__wait.until(EC.invisibility_of_element_located(locator=locator))\n  File \"C:\\Users\\Freshmilk\\PycharmProjects\\hillel\\venv\\lib\\site-packages\\selenium\\webdriver\\support\\wait.py\", line 95, in until\n    raise TimeoutException(message, screen, stacktrace)\n"}, "steps": [{"name": "_click", "status": "passed", "parameters": [{"name": "locator", "value": "('xpath', \"//button[text() = 'Увійти']\")"}], "start": 1681754959495, "stop": 1681754959617}], "start": 1681754959495, "stop": 1681754969904}], "start": 1681754959038, "stop": 1681754969904, "uuid": "a7da1ffc-95e5-4e6a-adf1-970561d91af9", "historyId": "92ce9ff9170775259ac6a3ea6ba7b4ab", "testCaseId": "dca1f2e68a7c4711842815985b79db2f", "fullName": "tests.ui_tests.test_login_page#test_failed_login", "labels": [{"name": "tag", "value": "smoke"}, {"name": "tag", "value": "login"}, {"name": "parentSuite", "value": "tests.ui_tests"}, {"name": "suite", "value": "test_login_page"}, {"name": "host", "value": "DESKTOP-AI869SF"}, {"name": "thread", "value": "3920-MainThread"}, {"name": "framework", "value": "pytest"}, {"name": "language", "value": "cpython3"}, {"name": "package", "value": "tests.ui_tests.test_login_page"}]}