{"name": "test_open_orders_history_tab", "status": "broken", "statusDetails": {"message": "selenium.common.exceptions.TimeoutException: Message: \nStacktrace:\nBacktrace:\n\t(No symbol) [0x0063DCE3]\n\t(No symbol) [0x005D39D1]\n\t(No symbol) [0x004E4DA8]\n\t(No symbol) [0x0051019F]\n\t(No symbol) [0x005103AB]\n\t(No symbol) [0x0053EE62]\n\t(No symbol) [0x0052AF14]\n\t(No symbol) [0x0053D57C]\n\t(No symbol) [0x0052ACC6]\n\t(No symbol) [0x00506F68]\n\t(No symbol) [0x005080CD]\n\tGetHandleVerifier [0x008B3832+2506274]\n\tGetHandleVerifier [0x008E9794+2727300]\n\tGetHandleVerifier [0x008EE36C+2746716]\n\tGetHandleVerifier [0x006E6690+617600]\n\t(No symbol) [0x005DC712]\n\t(No symbol) [0x005E1FF8]\n\t(No symbol) [0x005E20DB]\n\t(No symbol) [0x005EC63B]\n\tBaseThreadInitThunk [0x76327D49+25]\n\tRtlInitializeExceptionChain [0x779BB74B+107]\n\tRtlClearBits [0x779BB6CF+191]", "trace": "open_main_page = <page_objects.site_pages.MainPage object at 0x000001BB403AF8B0>\ncreate_browser = <selenium.webdriver.chrome.webdriver.WebDriver (session=\"74c15c5d4f8b59fa8cccf07346a00e23\")>\n\n    @pytest.fixture()\n    def open_account_page(open_main_page, create_browser):\n>       return open_main_page.click_account_button()\n\nconftest.py:83: \n_ _ _ _ _ _ _ _ _ _ _ _ _ _ _ _ _ _ _ _ _ _ _ _ _ _ _ _ _ _ _ _ _ _ _ _ _ _ _ _ _ _ _ _ _ _ _ _ _ _ _ _ _ _ _ _ _ _ _ _ _ _ _ _ _ _ _ _ _ _ _ _ _ _ _ _ _ _ _ _ _ _ _ _ _ _ _ _ _ _ _ _\npage_objects\\site_pages.py:166: in click_account_button\n    self._click(self.__account_button)\nutilities\\web_ui\\base_page.py:29: in _click\n    self._wait_until_to_be_clickable(locator).click()\nutilities\\web_ui\\base_page.py:18: in _wait_until_to_be_clickable\n    return self.__wait.until(EC.element_to_be_clickable(locator))\n_ _ _ _ _ _ _ _ _ _ _ _ _ _ _ _ _ _ _ _ _ _ _ _ _ _ _ _ _ _ _ _ _ _ _ _ _ _ _ _ _ _ _ _ _ _ _ _ _ _ _ _ _ _ _ _ _ _ _ _ _ _ _ _ _ _ _ _ _ _ _ _ _ _ _ _ _ _ _ _ _ _ _ _ _ _ _ _ _ _ _ _\n\nself = <selenium.webdriver.support.wait.WebDriverWait (session=\"74c15c5d4f8b59fa8cccf07346a00e23\")>\nmethod = <function element_to_be_clickable.<locals>._predicate at 0x000001BB403481F0>, message = ''\n\n    def until(self, method, message: str = \"\"):\n        \"\"\"Calls the method provided with the driver as an argument until the \\\n        return value does not evaluate to ``False``.\n    \n        :param method: callable(WebDriver)\n        :param message: optional message for :exc:`TimeoutException`\n        :returns: the result of the last call to `method`\n        :raises: :exc:`selenium.common.exceptions.TimeoutException` if timeout occurs\n        \"\"\"\n        screen = None\n        stacktrace = None\n    \n        end_time = time.monotonic() + self._timeout\n        while True:\n            try:\n                value = method(self._driver)\n                if value:\n                    return value\n            except self._ignored_exceptions as exc:\n                screen = getattr(exc, \"screen\", None)\n                stacktrace = getattr(exc, \"stacktrace\", None)\n            time.sleep(self._poll)\n            if time.monotonic() > end_time:\n                break\n>       raise TimeoutException(message, screen, stacktrace)\nE       selenium.common.exceptions.TimeoutException: Message: \nE       Stacktrace:\nE       Backtrace:\nE       \t(No symbol) [0x0063DCE3]\nE       \t(No symbol) [0x005D39D1]\nE       \t(No symbol) [0x004E4DA8]\nE       \t(No symbol) [0x0051019F]\nE       \t(No symbol) [0x005103AB]\nE       \t(No symbol) [0x0053EE62]\nE       \t(No symbol) [0x0052AF14]\nE       \t(No symbol) [0x0053D57C]\nE       \t(No symbol) [0x0052ACC6]\nE       \t(No symbol) [0x00506F68]\nE       \t(No symbol) [0x005080CD]\nE       \tGetHandleVerifier [0x008B3832+2506274]\nE       \tGetHandleVerifier [0x008E9794+2727300]\nE       \tGetHandleVerifier [0x008EE36C+2746716]\nE       \tGetHandleVerifier [0x006E6690+617600]\nE       \t(No symbol) [0x005DC712]\nE       \t(No symbol) [0x005E1FF8]\nE       \t(No symbol) [0x005E20DB]\nE       \t(No symbol) [0x005EC63B]\nE       \tBaseThreadInitThunk [0x76327D49+25]\nE       \tRtlInitializeExceptionChain [0x779BB74B+107]\nE       \tRtlClearBits [0x779BB6CF+191]\n\nvenv\\lib\\site-packages\\selenium\\webdriver\\support\\wait.py:95: TimeoutException"}, "start": 1681754896090, "stop": 1681754896090, "uuid": "99028ce0-808e-4634-a777-e9b12f77198d", "historyId": "a93c10e251a4cac97aeeb39bb601ecf9", "testCaseId": "5fb4cadb8e9582ed0e44ac8cbbfdd93f", "fullName": "tests.ui_tests.test_account_page#test_open_orders_history_tab", "labels": [{"name": "tag", "value": "smoke"}, {"name": "tag", "value": "account"}, {"name": "parentSuite", "value": "tests.ui_tests"}, {"name": "suite", "value": "test_account_page"}, {"name": "host", "value": "DESKTOP-AI869SF"}, {"name": "thread", "value": "3920-MainThread"}, {"name": "framework", "value": "pytest"}, {"name": "language", "value": "cpython3"}, {"name": "package", "value": "tests.ui_tests.test_account_page"}]}