{"name": "test_check_monitor_price_checkbox", "status": "broken", "statusDetails": {"message": "selenium.common.exceptions.TimeoutException: Message: \nStacktrace:\nBacktrace:\n\t(No symbol) [0x003FDCE3]\n\t(No symbol) [0x003939D1]\n\t(No symbol) [0x002A4DA8]\n\t(No symbol) [0x002D019F]\n\t(No symbol) [0x002D03AB]\n\t(No symbol) [0x002FEE62]\n\t(No symbol) [0x002EAF14]\n\t(No symbol) [0x002FD57C]\n\t(No symbol) [0x002EACC6]\n\t(No symbol) [0x002C6F68]\n\t(No symbol) [0x002C80CD]\n\tGetHandleVerifier [0x00673832+2506274]\n\tGetHandleVerifier [0x006A9794+2727300]\n\tGetHandleVerifier [0x006AE36C+2746716]\n\tGetHandleVerifier [0x004A6690+617600]\n\t(No symbol) [0x0039C712]\n\t(No symbol) [0x003A1FF8]\n\t(No symbol) [0x003A20DB]\n\t(No symbol) [0x003AC63B]\n\tBaseThreadInitThunk [0x76327D49+25]\n\tRtlInitializeExceptionChain [0x779BB74B+107]\n\tRtlClearBits [0x779BB6CF+191]", "trace": "check_monitor_price = <page_objects.site_pages.WishlistPage object at 0x00000209C8EBC370>\n\n    @pytest.mark.regression\n    @pytest.mark.wishlist\n    def test_check_monitor_price_checkbox(check_monitor_price):\n>       assert check_monitor_price.is_price_checkbox_checked(), 'The \"monitor price\" checkbox is not checked'\n\ntests\\ui_tests\\test_wishlist_page.py:7: \n_ _ _ _ _ _ _ _ _ _ _ _ _ _ _ _ _ _ _ _ _ _ _ _ _ _ _ _ _ _ _ _ _ _ _ _ _ _ _ _ _ _ _ _ _ _ _ _ _ _ _ _ _ _ _ _ _ _ _ _ _ _ _ _ _ _ _ _ _ _ _ _ _ _ _ _ _ _ _ _ _ _ _ _ _ _ _ _ _ _ _ _\npage_objects\\site_pages.py:25: in is_price_checkbox_checked\n    if self._is_selected(locator=self.__selected_price_checkbox):\nutilities\\web_ui\\base_page.py:34: in _is_selected\n    return self.__wait.until(EC.element_attribute_to_include(locator=locator, attribute_='checked'))\n_ _ _ _ _ _ _ _ _ _ _ _ _ _ _ _ _ _ _ _ _ _ _ _ _ _ _ _ _ _ _ _ _ _ _ _ _ _ _ _ _ _ _ _ _ _ _ _ _ _ _ _ _ _ _ _ _ _ _ _ _ _ _ _ _ _ _ _ _ _ _ _ _ _ _ _ _ _ _ _ _ _ _ _ _ _ _ _ _ _ _ _\n\nself = <selenium.webdriver.support.wait.WebDriverWait (session=\"0b077ea6ef17144bab06a2ad36ce8d67\")>\nmethod = <function element_attribute_to_include.<locals>._predicate at 0x00000209C8ED3160>, message = ''\n\n    def until(self, method, message: str = \"\"):\n        \"\"\"Calls the method provided with the driver as an argument until the \\\n        return value does not evaluate to ``False``.\n    \n        :param method: callable(WebDriver)\n        :param message: optional message for :exc:`TimeoutException`\n        :returns: the result of the last call to `method`\n        :raises: :exc:`selenium.common.exceptions.TimeoutException` if timeout occurs\n        \"\"\"\n        screen = None\n        stacktrace = None\n    \n        end_time = time.monotonic() + self._timeout\n        while True:\n            try:\n                value = method(self._driver)\n                if value:\n                    return value\n            except self._ignored_exceptions as exc:\n                screen = getattr(exc, \"screen\", None)\n                stacktrace = getattr(exc, \"stacktrace\", None)\n            time.sleep(self._poll)\n            if time.monotonic() > end_time:\n                break\n>       raise TimeoutException(message, screen, stacktrace)\nE       selenium.common.exceptions.TimeoutException: Message: \nE       Stacktrace:\nE       Backtrace:\nE       \t(No symbol) [0x003FDCE3]\nE       \t(No symbol) [0x003939D1]\nE       \t(No symbol) [0x002A4DA8]\nE       \t(No symbol) [0x002D019F]\nE       \t(No symbol) [0x002D03AB]\nE       \t(No symbol) [0x002FEE62]\nE       \t(No symbol) [0x002EAF14]\nE       \t(No symbol) [0x002FD57C]\nE       \t(No symbol) [0x002EACC6]\nE       \t(No symbol) [0x002C6F68]\nE       \t(No symbol) [0x002C80CD]\nE       \tGetHandleVerifier [0x00673832+2506274]\nE       \tGetHandleVerifier [0x006A9794+2727300]\nE       \tGetHandleVerifier [0x006AE36C+2746716]\nE       \tGetHandleVerifier [0x004A6690+617600]\nE       \t(No symbol) [0x0039C712]\nE       \t(No symbol) [0x003A1FF8]\nE       \t(No symbol) [0x003A20DB]\nE       \t(No symbol) [0x003AC63B]\nE       \tBaseThreadInitThunk [0x76327D49+25]\nE       \tRtlInitializeExceptionChain [0x779BB74B+107]\nE       \tRtlClearBits [0x779BB6CF+191]\n\nvenv\\lib\\site-packages\\selenium\\webdriver\\support\\wait.py:95: TimeoutException"}, "start": 1681674637512, "stop": 1681674648288, "uuid": "6efbb42b-90ba-4a45-b1ce-f0e0e42e4743", "historyId": "43b1fb954ecbac0190b1ed24fd2ac88e", "testCaseId": "3b2d3711d3a6c8e6e3a985176e01b4c5", "fullName": "tests.ui_tests.test_wishlist_page#test_check_monitor_price_checkbox", "labels": [{"name": "tag", "value": "wishlist"}, {"name": "tag", "value": "regression"}, {"name": "parentSuite", "value": "tests.ui_tests"}, {"name": "suite", "value": "test_wishlist_page"}, {"name": "host", "value": "DESKTOP-AI869SF"}, {"name": "thread", "value": "13020-MainThread"}, {"name": "framework", "value": "pytest"}, {"name": "language", "value": "cpython3"}, {"name": "package", "value": "tests.ui_tests.test_wishlist_page"}]}