{"name": "test_notify_about_availability", "status": "broken", "statusDetails": {"message": "selenium.common.exceptions.TimeoutException: Message: \nStacktrace:\nBacktrace:\n\t(No symbol) [0x003FDCE3]\n\t(No symbol) [0x003939D1]\n\t(No symbol) [0x002A4DA8]\n\t(No symbol) [0x002D019F]\n\t(No symbol) [0x002D03AB]\n\t(No symbol) [0x002FEE62]\n\t(No symbol) [0x002EAF14]\n\t(No symbol) [0x002FD57C]\n\t(No symbol) [0x002EACC6]\n\t(No symbol) [0x002C6F68]\n\t(No symbol) [0x002C80CD]\n\tGetHandleVerifier [0x00673832+2506274]\n\tGetHandleVerifier [0x006A9794+2727300]\n\tGetHandleVerifier [0x006AE36C+2746716]\n\tGetHandleVerifier [0x004A6690+617600]\n\t(No symbol) [0x0039C712]\n\t(No symbol) [0x003A1FF8]\n\t(No symbol) [0x003A20DB]\n\t(No symbol) [0x003AC63B]\n\tBaseThreadInitThunk [0x76327D49+25]\n\tRtlInitializeExceptionChain [0x779BB74B+107]\n\tRtlClearBits [0x779BB6CF+191]", "trace": "notify_about_availability = <page_objects.site_pages.WishlistPage object at 0x0000026D227A1B50>\n\n    @pytest.mark.regression\n    @pytest.mark.wishlist\n    def test_notify_about_availability(notify_about_availability):\n>       assert notify_about_availability.is_notify_about_availability_checkbox_checked(), 'The \"notify about ' \\\n                                                                                          'availability\" checkbox is ' \\\n                                                                                          'not unchecked'\n\ntests\\ui_tests\\test_wishlist_page.py:13: \n_ _ _ _ _ _ _ _ _ _ _ _ _ _ _ _ _ _ _ _ _ _ _ _ _ _ _ _ _ _ _ _ _ _ _ _ _ _ _ _ _ _ _ _ _ _ _ _ _ _ _ _ _ _ _ _ _ _ _ _ _ _ _ _ _ _ _ _ _ _ _ _ _ _ _ _ _ _ _ _ _ _ _ _ _ _ _ _ _ _ _ _\npage_objects\\site_pages.py:35: in is_notify_about_availability_checkbox_checked\n    if self._is_selected(locator=self.__selected_availability_checkbox):\nutilities\\web_ui\\base_page.py:34: in _is_selected\n    return self.__wait.until(EC.element_attribute_to_include(locator=locator, attribute_='checked'))\n_ _ _ _ _ _ _ _ _ _ _ _ _ _ _ _ _ _ _ _ _ _ _ _ _ _ _ _ _ _ _ _ _ _ _ _ _ _ _ _ _ _ _ _ _ _ _ _ _ _ _ _ _ _ _ _ _ _ _ _ _ _ _ _ _ _ _ _ _ _ _ _ _ _ _ _ _ _ _ _ _ _ _ _ _ _ _ _ _ _ _ _\n\nself = <selenium.webdriver.support.wait.WebDriverWait (session=\"0e5e211388a9d46815a2b07e2367498c\")>\nmethod = <function element_attribute_to_include.<locals>._predicate at 0x0000026D22728E50>, message = ''\n\n    def until(self, method, message: str = \"\"):\n        \"\"\"Calls the method provided with the driver as an argument until the \\\n        return value does not evaluate to ``False``.\n    \n        :param method: callable(WebDriver)\n        :param message: optional message for :exc:`TimeoutException`\n        :returns: the result of the last call to `method`\n        :raises: :exc:`selenium.common.exceptions.TimeoutException` if timeout occurs\n        \"\"\"\n        screen = None\n        stacktrace = None\n    \n        end_time = time.monotonic() + self._timeout\n        while True:\n            try:\n                value = method(self._driver)\n                if value:\n                    return value\n            except self._ignored_exceptions as exc:\n                screen = getattr(exc, \"screen\", None)\n                stacktrace = getattr(exc, \"stacktrace\", None)\n            time.sleep(self._poll)\n            if time.monotonic() > end_time:\n                break\n>       raise TimeoutException(message, screen, stacktrace)\nE       selenium.common.exceptions.TimeoutException: Message: \nE       Stacktrace:\nE       Backtrace:\nE       \t(No symbol) [0x003FDCE3]\nE       \t(No symbol) [0x003939D1]\nE       \t(No symbol) [0x002A4DA8]\nE       \t(No symbol) [0x002D019F]\nE       \t(No symbol) [0x002D03AB]\nE       \t(No symbol) [0x002FEE62]\nE       \t(No symbol) [0x002EAF14]\nE       \t(No symbol) [0x002FD57C]\nE       \t(No symbol) [0x002EACC6]\nE       \t(No symbol) [0x002C6F68]\nE       \t(No symbol) [0x002C80CD]\nE       \tGetHandleVerifier [0x00673832+2506274]\nE       \tGetHandleVerifier [0x006A9794+2727300]\nE       \tGetHandleVerifier [0x006AE36C+2746716]\nE       \tGetHandleVerifier [0x004A6690+617600]\nE       \t(No symbol) [0x0039C712]\nE       \t(No symbol) [0x003A1FF8]\nE       \t(No symbol) [0x003A20DB]\nE       \t(No symbol) [0x003AC63B]\nE       \tBaseThreadInitThunk [0x76327D49+25]\nE       \tRtlInitializeExceptionChain [0x779BB74B+107]\nE       \tRtlClearBits [0x779BB6CF+191]\n\nvenv\\lib\\site-packages\\selenium\\webdriver\\support\\wait.py:95: TimeoutException"}, "start": 1681674237971, "stop": 1681674248898, "uuid": "1f68d12a-fff8-4871-8220-0e233b5a4b10", "historyId": "57f9aef59dc912922b42a80fadb3f02a", "testCaseId": "79afe1223fbeed4969d6a082561e21d5", "fullName": "tests.ui_tests.test_wishlist_page#test_notify_about_availability", "labels": [{"name": "tag", "value": "wishlist"}, {"name": "tag", "value": "regression"}, {"name": "parentSuite", "value": "tests.ui_tests"}, {"name": "suite", "value": "test_wishlist_page"}, {"name": "host", "value": "DESKTOP-AI869SF"}, {"name": "thread", "value": "5376-MainThread"}, {"name": "framework", "value": "pytest"}, {"name": "language", "value": "cpython3"}, {"name": "package", "value": "tests.ui_tests.test_wishlist_page"}]}