{"name": "test_open_account_page", "status": "broken", "statusDetails": {"message": "selenium.common.exceptions.TimeoutException: Message: \nStacktrace:\nBacktrace:\n\t(No symbol) [0x003FDCE3]\n\t(No symbol) [0x003939D1]\n\t(No symbol) [0x002A4DA8]\n\t(No symbol) [0x002D019F]\n\t(No symbol) [0x002D03AB]\n\t(No symbol) [0x002FEE62]\n\t(No symbol) [0x002EAF14]\n\t(No symbol) [0x002FD57C]\n\t(No symbol) [0x002EACC6]\n\t(No symbol) [0x002C6F68]\n\t(No symbol) [0x002C80CD]\n\tGetHandleVerifier [0x00673832+2506274]\n\tGetHandleVerifier [0x006A9794+2727300]\n\tGetHandleVerifier [0x006AE36C+2746716]\n\tGetHandleVerifier [0x004A6690+617600]\n\t(No symbol) [0x0039C712]\n\t(No symbol) [0x003A1FF8]\n\t(No symbol) [0x003A20DB]\n\t(No symbol) [0x003AC63B]\n\tBaseThreadInitThunk [0x76327D49+25]\n\tRtlInitializeExceptionChain [0x779BB74B+107]\n\tRtlClearBits [0x779BB6CF+191]", "trace": "open_main_page = <page_objects.site_pages.MainPage object at 0x00000209C8F14D60>\ncreate_browser = <selenium.webdriver.chrome.webdriver.WebDriver (session=\"e223c4c3db28df7e7aefa00776cf2868\")>\n\n    @pytest.fixture()\n    def open_account_page(open_main_page, create_browser):\n>       return open_main_page.click_account_button()\n\nconftest.py:77: \n_ _ _ _ _ _ _ _ _ _ _ _ _ _ _ _ _ _ _ _ _ _ _ _ _ _ _ _ _ _ _ _ _ _ _ _ _ _ _ _ _ _ _ _ _ _ _ _ _ _ _ _ _ _ _ _ _ _ _ _ _ _ _ _ _ _ _ _ _ _ _ _ _ _ _ _ _ _ _ _ _ _ _ _ _ _ _ _ _ _ _ _\npage_objects\\site_pages.py:151: in click_account_button\n    self._click(self.__account_button)\nutilities\\web_ui\\base_page.py:26: in _click\n    self._wait_until_to_be_clickable(locator).click()\nutilities\\web_ui\\base_page.py:17: in _wait_until_to_be_clickable\n    return self.__wait.until(EC.element_to_be_clickable(locator))\n_ _ _ _ _ _ _ _ _ _ _ _ _ _ _ _ _ _ _ _ _ _ _ _ _ _ _ _ _ _ _ _ _ _ _ _ _ _ _ _ _ _ _ _ _ _ _ _ _ _ _ _ _ _ _ _ _ _ _ _ _ _ _ _ _ _ _ _ _ _ _ _ _ _ _ _ _ _ _ _ _ _ _ _ _ _ _ _ _ _ _ _\n\nself = <selenium.webdriver.support.wait.WebDriverWait (session=\"e223c4c3db28df7e7aefa00776cf2868\")>\nmethod = <function element_to_be_clickable.<locals>._predicate at 0x00000209C8EC5280>, message = ''\n\n    def until(self, method, message: str = \"\"):\n        \"\"\"Calls the method provided with the driver as an argument until the \\\n        return value does not evaluate to ``False``.\n    \n        :param method: callable(WebDriver)\n        :param message: optional message for :exc:`TimeoutException`\n        :returns: the result of the last call to `method`\n        :raises: :exc:`selenium.common.exceptions.TimeoutException` if timeout occurs\n        \"\"\"\n        screen = None\n        stacktrace = None\n    \n        end_time = time.monotonic() + self._timeout\n        while True:\n            try:\n                value = method(self._driver)\n                if value:\n                    return value\n            except self._ignored_exceptions as exc:\n                screen = getattr(exc, \"screen\", None)\n                stacktrace = getattr(exc, \"stacktrace\", None)\n            time.sleep(self._poll)\n            if time.monotonic() > end_time:\n                break\n>       raise TimeoutException(message, screen, stacktrace)\nE       selenium.common.exceptions.TimeoutException: Message: \nE       Stacktrace:\nE       Backtrace:\nE       \t(No symbol) [0x003FDCE3]\nE       \t(No symbol) [0x003939D1]\nE       \t(No symbol) [0x002A4DA8]\nE       \t(No symbol) [0x002D019F]\nE       \t(No symbol) [0x002D03AB]\nE       \t(No symbol) [0x002FEE62]\nE       \t(No symbol) [0x002EAF14]\nE       \t(No symbol) [0x002FD57C]\nE       \t(No symbol) [0x002EACC6]\nE       \t(No symbol) [0x002C6F68]\nE       \t(No symbol) [0x002C80CD]\nE       \tGetHandleVerifier [0x00673832+2506274]\nE       \tGetHandleVerifier [0x006A9794+2727300]\nE       \tGetHandleVerifier [0x006AE36C+2746716]\nE       \tGetHandleVerifier [0x004A6690+617600]\nE       \t(No symbol) [0x0039C712]\nE       \t(No symbol) [0x003A1FF8]\nE       \t(No symbol) [0x003A20DB]\nE       \t(No symbol) [0x003AC63B]\nE       \tBaseThreadInitThunk [0x76327D49+25]\nE       \tRtlInitializeExceptionChain [0x779BB74B+107]\nE       \tRtlClearBits [0x779BB6CF+191]\n\nvenv\\lib\\site-packages\\selenium\\webdriver\\support\\wait.py:95: TimeoutException"}, "start": 1681674610968, "stop": 1681674610968, "uuid": "b52c19b2-cfc6-42f0-8b26-6b18f64a074b", "historyId": "76e6472f50ba40f1932ccb4eaba4575c", "testCaseId": "068425bd72afb766158bf8a197634431", "fullName": "tests.ui_tests.test_main_page#test_open_account_page", "labels": [{"name": "tag", "value": "smoke"}, {"name": "tag", "value": "main"}, {"name": "parentSuite", "value": "tests.ui_tests"}, {"name": "suite", "value": "test_main_page"}, {"name": "host", "value": "DESKTOP-AI869SF"}, {"name": "thread", "value": "13020-MainThread"}, {"name": "framework", "value": "pytest"}, {"name": "language", "value": "cpython3"}, {"name": "package", "value": "tests.ui_tests.test_main_page"}]}