{"name": "test_search_item", "status": "broken", "statusDetails": {"message": "selenium.common.exceptions.TimeoutException: Message: \nStacktrace:\nBacktrace:\n\t(No symbol) [0x0120DCE3]\n\t(No symbol) [0x011A39D1]\n\t(No symbol) [0x010B4DA8]\n\t(No symbol) [0x010E019F]\n\t(No symbol) [0x010E03AB]\n\t(No symbol) [0x0110EE62]\n\t(No symbol) [0x010FAF14]\n\t(No symbol) [0x0110D57C]\n\t(No symbol) [0x010FACC6]\n\t(No symbol) [0x010D6F68]\n\t(No symbol) [0x010D80CD]\n\tGetHandleVerifier [0x01483832+2506274]\n\tGetHandleVerifier [0x014B9794+2727300]\n\tGetHandleVerifier [0x014BE36C+2746716]\n\tGetHandleVerifier [0x012B6690+617600]\n\t(No symbol) [0x011AC712]\n\t(No symbol) [0x011B1FF8]\n\t(No symbol) [0x011B20DB]\n\t(No symbol) [0x011BC63B]\n\tBaseThreadInitThunk [0x76327D49+25]\n\tRtlInitializeExceptionChain [0x779BB74B+107]\n\tRtlClearBits [0x779BB6CF+191]", "trace": "open_main_page = <page_objects.site_pages.MainPage object at 0x0000016DEC0E5310>\ncreate_browser = <selenium.webdriver.chrome.webdriver.WebDriver (session=\"7d15b75a944904eed7c4c61d9a695019\")>\n\n    @pytest.fixture()\n    def open_hair_category_page(open_main_page, create_browser):\n>       return open_main_page.click_hair_category_button()\n\nconftest.py:62: \n_ _ _ _ _ _ _ _ _ _ _ _ _ _ _ _ _ _ _ _ _ _ _ _ _ _ _ _ _ _ _ _ _ _ _ _ _ _ _ _ _ _ _ _ _ _ _ _ _ _ _ _ _ _ _ _ _ _ _ _ _ _ _ _ _ _ _ _ _ _ _ _ _ _ _ _ _ _ _ _ _ _ _ _ _ _ _ _ _ _ _ _\npage_objects\\site_pages.py:140: in click_hair_category_button\n    self._click(self.__hair_category_button)\nutilities\\web_ui\\base_page.py:26: in _click\n    self._wait_until_to_be_clickable(locator).click()\nutilities\\web_ui\\base_page.py:17: in _wait_until_to_be_clickable\n    return self.__wait.until(EC.element_to_be_clickable(locator))\n_ _ _ _ _ _ _ _ _ _ _ _ _ _ _ _ _ _ _ _ _ _ _ _ _ _ _ _ _ _ _ _ _ _ _ _ _ _ _ _ _ _ _ _ _ _ _ _ _ _ _ _ _ _ _ _ _ _ _ _ _ _ _ _ _ _ _ _ _ _ _ _ _ _ _ _ _ _ _ _ _ _ _ _ _ _ _ _ _ _ _ _\n\nself = <selenium.webdriver.support.wait.WebDriverWait (session=\"7d15b75a944904eed7c4c61d9a695019\")>\nmethod = <function element_to_be_clickable.<locals>._predicate at 0x0000016DEC009160>, message = ''\n\n    def until(self, method, message: str = \"\"):\n        \"\"\"Calls the method provided with the driver as an argument until the \\\n        return value does not evaluate to ``False``.\n    \n        :param method: callable(WebDriver)\n        :param message: optional message for :exc:`TimeoutException`\n        :returns: the result of the last call to `method`\n        :raises: :exc:`selenium.common.exceptions.TimeoutException` if timeout occurs\n        \"\"\"\n        screen = None\n        stacktrace = None\n    \n        end_time = time.monotonic() + self._timeout\n        while True:\n            try:\n                value = method(self._driver)\n                if value:\n                    return value\n            except self._ignored_exceptions as exc:\n                screen = getattr(exc, \"screen\", None)\n                stacktrace = getattr(exc, \"stacktrace\", None)\n            time.sleep(self._poll)\n            if time.monotonic() > end_time:\n                break\n>       raise TimeoutException(message, screen, stacktrace)\nE       selenium.common.exceptions.TimeoutException: Message: \nE       Stacktrace:\nE       Backtrace:\nE       \t(No symbol) [0x0120DCE3]\nE       \t(No symbol) [0x011A39D1]\nE       \t(No symbol) [0x010B4DA8]\nE       \t(No symbol) [0x010E019F]\nE       \t(No symbol) [0x010E03AB]\nE       \t(No symbol) [0x0110EE62]\nE       \t(No symbol) [0x010FAF14]\nE       \t(No symbol) [0x0110D57C]\nE       \t(No symbol) [0x010FACC6]\nE       \t(No symbol) [0x010D6F68]\nE       \t(No symbol) [0x010D80CD]\nE       \tGetHandleVerifier [0x01483832+2506274]\nE       \tGetHandleVerifier [0x014B9794+2727300]\nE       \tGetHandleVerifier [0x014BE36C+2746716]\nE       \tGetHandleVerifier [0x012B6690+617600]\nE       \t(No symbol) [0x011AC712]\nE       \t(No symbol) [0x011B1FF8]\nE       \t(No symbol) [0x011B20DB]\nE       \t(No symbol) [0x011BC63B]\nE       \tBaseThreadInitThunk [0x76327D49+25]\nE       \tRtlInitializeExceptionChain [0x779BB74B+107]\nE       \tRtlClearBits [0x779BB6CF+191]\n\nvenv\\lib\\site-packages\\selenium\\webdriver\\support\\wait.py:95: TimeoutException"}, "start": 1681677058903, "stop": 1681677058903, "uuid": "eddd81b2-edf7-4cca-9c53-13db5a556c43", "historyId": "1bba8a626a0a17e000dc6d45d9ac6db4", "testCaseId": "a61f1c3df56dc8418265b5f6832a7c4d", "fullName": "tests.ui_tests.test_category_page#test_search_item", "labels": [{"name": "tag", "value": "regression"}, {"name": "tag", "value": "category"}, {"name": "parentSuite", "value": "tests.ui_tests"}, {"name": "suite", "value": "test_category_page"}, {"name": "host", "value": "DESKTOP-AI869SF"}, {"name": "thread", "value": "1080-MainThread"}, {"name": "framework", "value": "pytest"}, {"name": "language", "value": "cpython3"}, {"name": "package", "value": "tests.ui_tests.test_category_page"}]}