{"name": "test_open_orders_history_tab", "status": "broken", "statusDetails": {"message": "selenium.common.exceptions.TimeoutException: Message:", "trace": "open_login_page = <page_objects.site_pages.LoginPage object at 0x000002A8003E75E0>, expand_dropdown_menu = <page_objects.site_pages.LoginPage object at 0x000002A8003E75E0>\nenv = <utilities.configuration.Configuration object at 0x000002A8003D4A60>\n\n    @pytest.fixture()\n    def open_main_page(open_login_page, expand_dropdown_menu, env):\n>       return expand_dropdown_menu.login(env.email, env.password)\n\nconftest.py:66: \n_ _ _ _ _ _ _ _ _ _ _ _ _ _ _ _ _ _ _ _ _ _ _ _ _ _ _ _ _ _ _ _ _ _ _ _ _ _ _ _ _ _ _ _ _ _ _ _ _ _ _ _ _ _ _ _ _ _ _ _ _ _ _ _ _ _ _ _ _ _ _ _ _ _ _ _ _ _ _ _ _ _ _ _ _ _ _ _ _ _ _ _\npage_objects\\site_pages.py:223: in login\n    self.set_email(email).set_password(password).click_login_button()\npage_objects\\site_pages.py:218: in click_login_button\n    self._is_element_disappeared(locator=self.__dropdown_popup)\nutilities\\web_ui\\base_page.py:40: in _is_element_disappeared\n    return self.__wait.until(EC.invisibility_of_element_located(locator=locator))\n_ _ _ _ _ _ _ _ _ _ _ _ _ _ _ _ _ _ _ _ _ _ _ _ _ _ _ _ _ _ _ _ _ _ _ _ _ _ _ _ _ _ _ _ _ _ _ _ _ _ _ _ _ _ _ _ _ _ _ _ _ _ _ _ _ _ _ _ _ _ _ _ _ _ _ _ _ _ _ _ _ _ _ _ _ _ _ _ _ _ _ _\n\nself = <selenium.webdriver.support.wait.WebDriverWait (session=\"57813f1e049f1860c333206445904fbe\")>\nmethod = <function invisibility_of_element_located.<locals>._predicate at 0x000002A800430D30>, message = ''\n\n    def until(self, method, message: str = \"\"):\n        \"\"\"Calls the method provided with the driver as an argument until the \\\n        return value does not evaluate to ``False``.\n    \n        :param method: callable(WebDriver)\n        :param message: optional message for :exc:`TimeoutException`\n        :returns: the result of the last call to `method`\n        :raises: :exc:`selenium.common.exceptions.TimeoutException` if timeout occurs\n        \"\"\"\n        screen = None\n        stacktrace = None\n    \n        end_time = time.monotonic() + self._timeout\n        while True:\n            try:\n                value = method(self._driver)\n                if value:\n                    return value\n            except self._ignored_exceptions as exc:\n                screen = getattr(exc, \"screen\", None)\n                stacktrace = getattr(exc, \"stacktrace\", None)\n            time.sleep(self._poll)\n            if time.monotonic() > end_time:\n                break\n>       raise TimeoutException(message, screen, stacktrace)\nE       selenium.common.exceptions.TimeoutException: Message:\n\nvenv\\lib\\site-packages\\selenium\\webdriver\\support\\wait.py:95: TimeoutException"}, "start": 1681757511239, "stop": 1681757511239, "uuid": "08726323-ea6a-4792-b646-31212cf80d98", "historyId": "a93c10e251a4cac97aeeb39bb601ecf9", "testCaseId": "5fb4cadb8e9582ed0e44ac8cbbfdd93f", "fullName": "tests.ui_tests.test_account_page#test_open_orders_history_tab", "labels": [{"name": "tag", "value": "smoke"}, {"name": "tag", "value": "account"}, {"name": "parentSuite", "value": "tests.ui_tests"}, {"name": "suite", "value": "test_account_page"}, {"name": "host", "value": "DESKTOP-AI869SF"}, {"name": "thread", "value": "8216-MainThread"}, {"name": "framework", "value": "pytest"}, {"name": "language", "value": "cpython3"}, {"name": "package", "value": "tests.ui_tests.test_account_page"}]}