{"name": "test_login", "status": "broken", "statusDetails": {"message": "selenium.common.exceptions.TimeoutException: Message: \nStacktrace:\nBacktrace:\n\t(No symbol) [0x003FDCE3]\n\t(No symbol) [0x003939D1]\n\t(No symbol) [0x002A4DA8]\n\t(No symbol) [0x002D019F]\n\t(No symbol) [0x002D03AB]\n\t(No symbol) [0x002FEE62]\n\t(No symbol) [0x002EAF14]\n\t(No symbol) [0x002FD57C]\n\t(No symbol) [0x002EACC6]\n\t(No symbol) [0x002C6F68]\n\t(No symbol) [0x002C80CD]\n\tGetHandleVerifier [0x00673832+2506274]\n\tGetHandleVerifier [0x006A9794+2727300]\n\tGetHandleVerifier [0x006AE36C+2746716]\n\tGetHandleVerifier [0x004A6690+617600]\n\t(No symbol) [0x0039C712]\n\t(No symbol) [0x003A1FF8]\n\t(No symbol) [0x003A20DB]\n\t(No symbol) [0x003AC63B]\n\tBaseThreadInitThunk [0x76327D49+25]\n\tRtlInitializeExceptionChain [0x779BB74B+107]\n\tRtlClearBits [0x779BB6CF+191]", "trace": "expand_dropdown_menu = <page_objects.site_pages.LoginPage object at 0x00000209C8DEF160>\n\n    @pytest.mark.login\n    @pytest.mark.smoke\n    def test_login(expand_dropdown_menu):\n        main_page = expand_dropdown_menu.set_email(get_user_creds()[0]).set_password(\n            get_user_creds()[1]).click_login_button()\n>       assert main_page.is_account_button_displayed(), 'Account button is not displayed'\n\ntests\\ui_tests\\test_login_page.py:11: \n_ _ _ _ _ _ _ _ _ _ _ _ _ _ _ _ _ _ _ _ _ _ _ _ _ _ _ _ _ _ _ _ _ _ _ _ _ _ _ _ _ _ _ _ _ _ _ _ _ _ _ _ _ _ _ _ _ _ _ _ _ _ _ _ _ _ _ _ _ _ _ _ _ _ _ _ _ _ _ _ _ _ _ _ _ _ _ _ _ _ _ _\npage_objects\\site_pages.py:133: in is_account_button_displayed\n    return self._is_page_opened(locator=self.__account_button)\nutilities\\web_ui\\base_page.py:29: in _is_page_opened\n    page = self.__wait.until(EC.visibility_of_element_located(locator))\n_ _ _ _ _ _ _ _ _ _ _ _ _ _ _ _ _ _ _ _ _ _ _ _ _ _ _ _ _ _ _ _ _ _ _ _ _ _ _ _ _ _ _ _ _ _ _ _ _ _ _ _ _ _ _ _ _ _ _ _ _ _ _ _ _ _ _ _ _ _ _ _ _ _ _ _ _ _ _ _ _ _ _ _ _ _ _ _ _ _ _ _\n\nself = <selenium.webdriver.support.wait.WebDriverWait (session=\"f2f84a61f3e8f706b6a62a0baeee55e4\")>\nmethod = <function visibility_of_element_located.<locals>._predicate at 0x00000209C8EB7E50>, message = ''\n\n    def until(self, method, message: str = \"\"):\n        \"\"\"Calls the method provided with the driver as an argument until the \\\n        return value does not evaluate to ``False``.\n    \n        :param method: callable(WebDriver)\n        :param message: optional message for :exc:`TimeoutException`\n        :returns: the result of the last call to `method`\n        :raises: :exc:`selenium.common.exceptions.TimeoutException` if timeout occurs\n        \"\"\"\n        screen = None\n        stacktrace = None\n    \n        end_time = time.monotonic() + self._timeout\n        while True:\n            try:\n                value = method(self._driver)\n                if value:\n                    return value\n            except self._ignored_exceptions as exc:\n                screen = getattr(exc, \"screen\", None)\n                stacktrace = getattr(exc, \"stacktrace\", None)\n            time.sleep(self._poll)\n            if time.monotonic() > end_time:\n                break\n>       raise TimeoutException(message, screen, stacktrace)\nE       selenium.common.exceptions.TimeoutException: Message: \nE       Stacktrace:\nE       Backtrace:\nE       \t(No symbol) [0x003FDCE3]\nE       \t(No symbol) [0x003939D1]\nE       \t(No symbol) [0x002A4DA8]\nE       \t(No symbol) [0x002D019F]\nE       \t(No symbol) [0x002D03AB]\nE       \t(No symbol) [0x002FEE62]\nE       \t(No symbol) [0x002EAF14]\nE       \t(No symbol) [0x002FD57C]\nE       \t(No symbol) [0x002EACC6]\nE       \t(No symbol) [0x002C6F68]\nE       \t(No symbol) [0x002C80CD]\nE       \tGetHandleVerifier [0x00673832+2506274]\nE       \tGetHandleVerifier [0x006A9794+2727300]\nE       \tGetHandleVerifier [0x006AE36C+2746716]\nE       \tGetHandleVerifier [0x004A6690+617600]\nE       \t(No symbol) [0x0039C712]\nE       \t(No symbol) [0x003A1FF8]\nE       \t(No symbol) [0x003A20DB]\nE       \t(No symbol) [0x003AC63B]\nE       \tBaseThreadInitThunk [0x76327D49+25]\nE       \tRtlInitializeExceptionChain [0x779BB74B+107]\nE       \tRtlClearBits [0x779BB6CF+191]\n\nvenv\\lib\\site-packages\\selenium\\webdriver\\support\\wait.py:95: TimeoutException"}, "start": 1681674497551, "stop": 1681674510080, "uuid": "702c3621-fa12-42bc-8908-f3addeb11b74", "historyId": "5f638c3878cb8cb6cd287e288ed461c1", "testCaseId": "59281970c63a1df73c178cebb835f802", "fullName": "tests.ui_tests.test_login_page#test_login", "labels": [{"name": "tag", "value": "smoke"}, {"name": "tag", "value": "login"}, {"name": "parentSuite", "value": "tests.ui_tests"}, {"name": "suite", "value": "test_login_page"}, {"name": "host", "value": "DESKTOP-AI869SF"}, {"name": "thread", "value": "13020-MainThread"}, {"name": "framework", "value": "pytest"}, {"name": "language", "value": "cpython3"}, {"name": "package", "value": "tests.ui_tests.test_login_page"}]}