{"name": "test_open_orders_history_tab", "status": "broken", "statusDetails": {"message": "selenium.common.exceptions.TimeoutException: Message: \nStacktrace:\nBacktrace:\n\t(No symbol) [0x0120DCE3]\n\t(No symbol) [0x011A39D1]\n\t(No symbol) [0x010B4DA8]\n\t(No symbol) [0x010E019F]\n\t(No symbol) [0x010E03AB]\n\t(No symbol) [0x0110EE62]\n\t(No symbol) [0x010FAF14]\n\t(No symbol) [0x0110D57C]\n\t(No symbol) [0x010FACC6]\n\t(No symbol) [0x010D6F68]\n\t(No symbol) [0x010D80CD]\n\tGetHandleVerifier [0x01483832+2506274]\n\tGetHandleVerifier [0x014B9794+2727300]\n\tGetHandleVerifier [0x014BE36C+2746716]\n\tGetHandleVerifier [0x012B6690+617600]\n\t(No symbol) [0x011AC712]\n\t(No symbol) [0x011B1FF8]\n\t(No symbol) [0x011B20DB]\n\t(No symbol) [0x011BC63B]\n\tBaseThreadInitThunk [0x76327D49+25]\n\tRtlInitializeExceptionChain [0x779BB74B+107]\n\tRtlClearBits [0x779BB6CF+191]", "trace": "open_main_page = <page_objects.site_pages.MainPage object at 0x0000016DEC086A30>\ncreate_browser = <selenium.webdriver.chrome.webdriver.WebDriver (session=\"42f577354eac09aa6e7177576a1222b8\")>\n\n    @pytest.fixture()\n    def open_account_page(open_main_page, create_browser):\n>       return open_main_page.click_account_button()\n\nconftest.py:77: \n_ _ _ _ _ _ _ _ _ _ _ _ _ _ _ _ _ _ _ _ _ _ _ _ _ _ _ _ _ _ _ _ _ _ _ _ _ _ _ _ _ _ _ _ _ _ _ _ _ _ _ _ _ _ _ _ _ _ _ _ _ _ _ _ _ _ _ _ _ _ _ _ _ _ _ _ _ _ _ _ _ _ _ _ _ _ _ _ _ _ _ _\npage_objects\\site_pages.py:151: in click_account_button\n    self._click(self.__account_button)\nutilities\\web_ui\\base_page.py:26: in _click\n    self._wait_until_to_be_clickable(locator).click()\nutilities\\web_ui\\base_page.py:17: in _wait_until_to_be_clickable\n    return self.__wait.until(EC.element_to_be_clickable(locator))\n_ _ _ _ _ _ _ _ _ _ _ _ _ _ _ _ _ _ _ _ _ _ _ _ _ _ _ _ _ _ _ _ _ _ _ _ _ _ _ _ _ _ _ _ _ _ _ _ _ _ _ _ _ _ _ _ _ _ _ _ _ _ _ _ _ _ _ _ _ _ _ _ _ _ _ _ _ _ _ _ _ _ _ _ _ _ _ _ _ _ _ _\n\nself = <selenium.webdriver.support.wait.WebDriverWait (session=\"42f577354eac09aa6e7177576a1222b8\")>\nmethod = <function element_to_be_clickable.<locals>._predicate at 0x0000016DEC0844C0>, message = ''\n\n    def until(self, method, message: str = \"\"):\n        \"\"\"Calls the method provided with the driver as an argument until the \\\n        return value does not evaluate to ``False``.\n    \n        :param method: callable(WebDriver)\n        :param message: optional message for :exc:`TimeoutException`\n        :returns: the result of the last call to `method`\n        :raises: :exc:`selenium.common.exceptions.TimeoutException` if timeout occurs\n        \"\"\"\n        screen = None\n        stacktrace = None\n    \n        end_time = time.monotonic() + self._timeout\n        while True:\n            try:\n                value = method(self._driver)\n                if value:\n                    return value\n            except self._ignored_exceptions as exc:\n                screen = getattr(exc, \"screen\", None)\n                stacktrace = getattr(exc, \"stacktrace\", None)\n            time.sleep(self._poll)\n            if time.monotonic() > end_time:\n                break\n>       raise TimeoutException(message, screen, stacktrace)\nE       selenium.common.exceptions.TimeoutException: Message: \nE       Stacktrace:\nE       Backtrace:\nE       \t(No symbol) [0x0120DCE3]\nE       \t(No symbol) [0x011A39D1]\nE       \t(No symbol) [0x010B4DA8]\nE       \t(No symbol) [0x010E019F]\nE       \t(No symbol) [0x010E03AB]\nE       \t(No symbol) [0x0110EE62]\nE       \t(No symbol) [0x010FAF14]\nE       \t(No symbol) [0x0110D57C]\nE       \t(No symbol) [0x010FACC6]\nE       \t(No symbol) [0x010D6F68]\nE       \t(No symbol) [0x010D80CD]\nE       \tGetHandleVerifier [0x01483832+2506274]\nE       \tGetHandleVerifier [0x014B9794+2727300]\nE       \tGetHandleVerifier [0x014BE36C+2746716]\nE       \tGetHandleVerifier [0x012B6690+617600]\nE       \t(No symbol) [0x011AC712]\nE       \t(No symbol) [0x011B1FF8]\nE       \t(No symbol) [0x011B20DB]\nE       \t(No symbol) [0x011BC63B]\nE       \tBaseThreadInitThunk [0x76327D49+25]\nE       \tRtlInitializeExceptionChain [0x779BB74B+107]\nE       \tRtlClearBits [0x779BB6CF+191]\n\nvenv\\lib\\site-packages\\selenium\\webdriver\\support\\wait.py:95: TimeoutException"}, "start": 1681677023264, "stop": 1681677023264, "uuid": "f6b4f3ad-82e8-432c-9acb-9c3af6f864f2", "historyId": "a93c10e251a4cac97aeeb39bb601ecf9", "testCaseId": "5fb4cadb8e9582ed0e44ac8cbbfdd93f", "fullName": "tests.ui_tests.test_account_page#test_open_orders_history_tab", "labels": [{"name": "tag", "value": "smoke"}, {"name": "tag", "value": "account"}, {"name": "parentSuite", "value": "tests.ui_tests"}, {"name": "suite", "value": "test_account_page"}, {"name": "host", "value": "DESKTOP-AI869SF"}, {"name": "thread", "value": "1080-MainThread"}, {"name": "framework", "value": "pytest"}, {"name": "language", "value": "cpython3"}, {"name": "package", "value": "tests.ui_tests.test_account_page"}]}