{"name": "test_password_reset_with_valid_email", "status": "broken", "statusDetails": {"message": "selenium.common.exceptions.TimeoutException: Message: \nStacktrace:\nBacktrace:\n\tGetHandleVerifier [0x005BDCE3+50899]\n\t(No symbol) [0x0054E111]\n\t(No symbol) [0x00455588]\n\t(No symbol) [0x004808F9]\n\t(No symbol) [0x00480AFB]\n\t(No symbol) [0x004AF902]\n\t(No symbol) [0x0049B944]\n\t(No symbol) [0x004AE01C]\n\t(No symbol) [0x0049B6F6]\n\t(No symbol) [0x00477708]\n\t(No symbol) [0x0047886D]\n\tGetHandleVerifier [0x00823EAE+2566302]\n\tGetHandleVerifier [0x008592B1+2784417]\n\tGetHandleVerifier [0x0085327C+2759788]\n\tGetHandleVerifier [0x00655740+672048]\n\t(No symbol) [0x00558872]\n\t(No symbol) [0x005541C8]\n\t(No symbol) [0x005542AB]\n\t(No symbol) [0x005471B7]\n\tBaseThreadInitThunk [0x763A7D49+25]\n\tRtlInitializeExceptionChain [0x7765B74B+107]\n\tRtlClearBits [0x7765B6CF+191]", "trace": "expand_dropdown_menu = <page_objects.site_pages.LoginPage object at 0x00000238AA5C4F40>\n\n    @pytest.mark.login\n    @pytest.mark.regression\n    def test_password_reset_with_valid_email(expand_dropdown_menu):\n>       dropdown_menu = expand_dropdown_menu.remind_password(email=get_user_creds()[0])\n\ntest_login_page.py:31: \n_ _ _ _ _ _ _ _ _ _ _ _ _ _ _ _ _ _ _ _ _ _ _ _ _ _ _ _ _ _ _ _ _ _ _ _ _ _ _ _\n..\\..\\page_objects\\site_pages.py:247: in remind_password\n    self._send_keys(locator=self.__email_to_remind, value=email)\n..\\..\\utilities\\web_ui\\base_page.py:22: in _send_keys\n    element = self._wait_until_element_located(locator)\n..\\..\\utilities\\web_ui\\base_page.py:12: in _wait_until_element_located\n    return self.__wait.until(EC.visibility_of_element_located(locator))\n_ _ _ _ _ _ _ _ _ _ _ _ _ _ _ _ _ _ _ _ _ _ _ _ _ _ _ _ _ _ _ _ _ _ _ _ _ _ _ _\n\nself = <selenium.webdriver.support.wait.WebDriverWait (session=\"f8809ed58da8f4a528d3d0950c719702\")>\nmethod = <function visibility_of_element_located.<locals>._predicate at 0x00000238AA60F790>\nmessage = ''\n\n    def until(self, method, message: str = \"\"):\n        \"\"\"Calls the method provided with the driver as an argument until the \\\n        return value does not evaluate to ``False``.\n    \n        :param method: callable(WebDriver)\n        :param message: optional message for :exc:`TimeoutException`\n        :returns: the result of the last call to `method`\n        :raises: :exc:`selenium.common.exceptions.TimeoutException` if timeout occurs\n        \"\"\"\n        screen = None\n        stacktrace = None\n    \n        end_time = time.monotonic() + self._timeout\n        while True:\n            try:\n                value = method(self._driver)\n                if value:\n                    return value\n            except self._ignored_exceptions as exc:\n                screen = getattr(exc, \"screen\", None)\n                stacktrace = getattr(exc, \"stacktrace\", None)\n            time.sleep(self._poll)\n            if time.monotonic() > end_time:\n                break\n>       raise TimeoutException(message, screen, stacktrace)\nE       selenium.common.exceptions.TimeoutException: Message: \nE       Stacktrace:\nE       Backtrace:\nE       \tGetHandleVerifier [0x005BDCE3+50899]\nE       \t(No symbol) [0x0054E111]\nE       \t(No symbol) [0x00455588]\nE       \t(No symbol) [0x004808F9]\nE       \t(No symbol) [0x00480AFB]\nE       \t(No symbol) [0x004AF902]\nE       \t(No symbol) [0x0049B944]\nE       \t(No symbol) [0x004AE01C]\nE       \t(No symbol) [0x0049B6F6]\nE       \t(No symbol) [0x00477708]\nE       \t(No symbol) [0x0047886D]\nE       \tGetHandleVerifier [0x00823EAE+2566302]\nE       \tGetHandleVerifier [0x008592B1+2784417]\nE       \tGetHandleVerifier [0x0085327C+2759788]\nE       \tGetHandleVerifier [0x00655740+672048]\nE       \t(No symbol) [0x00558872]\nE       \t(No symbol) [0x005541C8]\nE       \t(No symbol) [0x005542AB]\nE       \t(No symbol) [0x005471B7]\nE       \tBaseThreadInitThunk [0x763A7D49+25]\nE       \tRtlInitializeExceptionChain [0x7765B74B+107]\nE       \tRtlClearBits [0x7765B6CF+191]\n\n..\\..\\venv\\lib\\site-packages\\selenium\\webdriver\\support\\wait.py:95: TimeoutException"}, "steps": [{"name": "remind_password", "status": "broken", "statusDetails": {"message": "selenium.common.exceptions.TimeoutException: Message: \nStacktrace:\nBacktrace:\n\tGetHandleVerifier [0x005BDCE3+50899]\n\t(No symbol) [0x0054E111]\n\t(No symbol) [0x00455588]\n\t(No symbol) [0x004808F9]\n\t(No symbol) [0x00480AFB]\n\t(No symbol) [0x004AF902]\n\t(No symbol) [0x0049B944]\n\t(No symbol) [0x004AE01C]\n\t(No symbol) [0x0049B6F6]\n\t(No symbol) [0x00477708]\n\t(No symbol) [0x0047886D]\n\tGetHandleVerifier [0x00823EAE+2566302]\n\tGetHandleVerifier [0x008592B1+2784417]\n\tGetHandleVerifier [0x0085327C+2759788]\n\tGetHandleVerifier [0x00655740+672048]\n\t(No symbol) [0x00558872]\n\t(No symbol) [0x005541C8]\n\t(No symbol) [0x005542AB]\n\t(No symbol) [0x005471B7]\n\tBaseThreadInitThunk [0x763A7D49+25]\n\tRtlInitializeExceptionChain [0x7765B74B+107]\n\tRtlClearBits [0x7765B6CF+191]\n\n", "trace": "  File \"C:\\Users\\Freshmilk\\PycharmProjects\\hillel\\venv\\lib\\site-packages\\allure_commons\\_allure.py\", line 192, in impl\n    return func(*a, **kw)\n  File \"C:\\Users\\Freshmilk\\PycharmProjects\\hillel\\page_objects\\site_pages.py\", line 247, in remind_password\n    self._send_keys(locator=self.__email_to_remind, value=email)\n  File \"C:\\Users\\Freshmilk\\PycharmProjects\\hillel\\venv\\lib\\site-packages\\allure_commons\\_allure.py\", line 192, in impl\n    return func(*a, **kw)\n  File \"C:\\Users\\Freshmilk\\PycharmProjects\\hillel\\utilities\\web_ui\\base_page.py\", line 22, in _send_keys\n    element = self._wait_until_element_located(locator)\n  File \"C:\\Users\\Freshmilk\\PycharmProjects\\hillel\\utilities\\web_ui\\base_page.py\", line 12, in _wait_until_element_located\n    return self.__wait.until(EC.visibility_of_element_located(locator))\n  File \"C:\\Users\\Freshmilk\\PycharmProjects\\hillel\\venv\\lib\\site-packages\\selenium\\webdriver\\support\\wait.py\", line 95, in until\n    raise TimeoutException(message, screen, stacktrace)\n"}, "steps": [{"name": "_click", "status": "passed", "parameters": [{"name": "locator", "value": "('xpath', \"//div[@data-popup-handler = 'forget-password']\")"}], "start": 1682867496358, "stop": 1682867496780}, {"name": "_send_keys", "status": "broken", "statusDetails": {"message": "selenium.common.exceptions.TimeoutException: Message: \nStacktrace:\nBacktrace:\n\tGetHandleVerifier [0x005BDCE3+50899]\n\t(No symbol) [0x0054E111]\n\t(No symbol) [0x00455588]\n\t(No symbol) [0x004808F9]\n\t(No symbol) [0x00480AFB]\n\t(No symbol) [0x004AF902]\n\t(No symbol) [0x0049B944]\n\t(No symbol) [0x004AE01C]\n\t(No symbol) [0x0049B6F6]\n\t(No symbol) [0x00477708]\n\t(No symbol) [0x0047886D]\n\tGetHandleVerifier [0x00823EAE+2566302]\n\tGetHandleVerifier [0x008592B1+2784417]\n\tGetHandleVerifier [0x0085327C+2759788]\n\tGetHandleVerifier [0x00655740+672048]\n\t(No symbol) [0x00558872]\n\t(No symbol) [0x005541C8]\n\t(No symbol) [0x005542AB]\n\t(No symbol) [0x005471B7]\n\tBaseThreadInitThunk [0x763A7D49+25]\n\tRtlInitializeExceptionChain [0x7765B74B+107]\n\tRtlClearBits [0x7765B6CF+191]\n\n", "trace": "  File \"C:\\Users\\Freshmilk\\PycharmProjects\\hillel\\venv\\lib\\site-packages\\allure_commons\\_allure.py\", line 192, in impl\n    return func(*a, **kw)\n  File \"C:\\Users\\Freshmilk\\PycharmProjects\\hillel\\utilities\\web_ui\\base_page.py\", line 22, in _send_keys\n    element = self._wait_until_element_located(locator)\n  File \"C:\\Users\\Freshmilk\\PycharmProjects\\hillel\\utilities\\web_ui\\base_page.py\", line 12, in _wait_until_element_located\n    return self.__wait.until(EC.visibility_of_element_located(locator))\n  File \"C:\\Users\\Freshmilk\\PycharmProjects\\hillel\\venv\\lib\\site-packages\\selenium\\webdriver\\support\\wait.py\", line 95, in until\n    raise TimeoutException(message, screen, stacktrace)\n"}, "parameters": [{"name": "locator", "value": "('xpath', \"//form[@data-popup='forget-password']/div/div/div/div/input[@placeholder = 'E-mail']\")"}, {"name": "value", "value": "'tatiana.kulik1998@gmail.com'"}, {"name": "is_clear", "value": "True"}], "start": 1682867496780, "stop": 1682867507079}], "parameters": [{"name": "email", "value": "'tatiana.kulik1998@gmail.com'"}], "start": 1682867496358, "stop": 1682867507135}], "start": 1682867496357, "stop": 1682867507150, "uuid": "28c0fa3a-3cae-4e09-9b79-a484c1d3a9f5", "historyId": "6b11bc94b49e9d82613e287b76bed911", "testCaseId": "56b15570c699b72e05675481d577cbd3", "fullName": "tests.ui_tests.test_login_page#test_password_reset_with_valid_email", "labels": [{"name": "tag", "value": "regression"}, {"name": "tag", "value": "login"}, {"name": "parentSuite", "value": "tests.ui_tests"}, {"name": "suite", "value": "test_login_page"}, {"name": "host", "value": "DESKTOP-AI869SF"}, {"name": "thread", "value": "14728-MainThread"}, {"name": "framework", "value": "pytest"}, {"name": "language", "value": "cpython3"}, {"name": "package", "value": "tests.ui_tests.test_login_page"}]}