{"name": "test_open_hair_category_page", "status": "broken", "statusDetails": {"message": "selenium.common.exceptions.TimeoutException: Message: \nStacktrace:\nBacktrace:\n\tGetHandleVerifier [0x005BDCE3+50899]\n\t(No symbol) [0x0054E111]\n\t(No symbol) [0x00455588]\n\t(No symbol) [0x004808F9]\n\t(No symbol) [0x00480AFB]\n\t(No symbol) [0x004AF902]\n\t(No symbol) [0x0049B944]\n\t(No symbol) [0x004AE01C]\n\t(No symbol) [0x0049B6F6]\n\t(No symbol) [0x00477708]\n\t(No symbol) [0x0047886D]\n\tGetHandleVerifier [0x00823EAE+2566302]\n\tGetHandleVerifier [0x008592B1+2784417]\n\tGetHandleVerifier [0x0085327C+2759788]\n\tGetHandleVerifier [0x00655740+672048]\n\t(No symbol) [0x00558872]\n\t(No symbol) [0x005541C8]\n\t(No symbol) [0x005542AB]\n\t(No symbol) [0x005471B7]\n\tBaseThreadInitThunk [0x763A7D49+25]\n\tRtlInitializeExceptionChain [0x7765B74B+107]\n\tRtlClearBits [0x7765B6CF+191]", "trace": "open_main_page = <page_objects.site_pages.MainPage object at 0x000002A01CD1BAC0>\ncreate_browser = <selenium.webdriver.chrome.webdriver.WebDriver (session=\"88b7b4f42eaadade40e61a347505f381\")>\n\n    @pytest.fixture()\n    def open_hair_category_page(open_main_page, create_browser):\n>       return open_main_page.click_hair_category_button()\n\n..\\..\\conftest.py:77: \n_ _ _ _ _ _ _ _ _ _ _ _ _ _ _ _ _ _ _ _ _ _ _ _ _ _ _ _ _ _ _ _ _ _ _ _ _ _ _ _\n..\\..\\page_objects\\site_pages.py:153: in click_hair_category_button\n    self._click(self.__hair_category_button)\n..\\..\\utilities\\web_ui\\base_page.py:29: in _click\n    self._wait_until_to_be_clickable(locator).click()\n..\\..\\utilities\\web_ui\\base_page.py:18: in _wait_until_to_be_clickable\n    return self.__wait.until(EC.element_to_be_clickable(locator))\n_ _ _ _ _ _ _ _ _ _ _ _ _ _ _ _ _ _ _ _ _ _ _ _ _ _ _ _ _ _ _ _ _ _ _ _ _ _ _ _\n\nself = <selenium.webdriver.support.wait.WebDriverWait (session=\"88b7b4f42eaadade40e61a347505f381\")>\nmethod = <function element_to_be_clickable.<locals>._predicate at 0x000002A01CD910D0>\nmessage = ''\n\n    def until(self, method, message: str = \"\"):\n        \"\"\"Calls the method provided with the driver as an argument until the \\\n        return value does not evaluate to ``False``.\n    \n        :param method: callable(WebDriver)\n        :param message: optional message for :exc:`TimeoutException`\n        :returns: the result of the last call to `method`\n        :raises: :exc:`selenium.common.exceptions.TimeoutException` if timeout occurs\n        \"\"\"\n        screen = None\n        stacktrace = None\n    \n        end_time = time.monotonic() + self._timeout\n        while True:\n            try:\n                value = method(self._driver)\n                if value:\n                    return value\n            except self._ignored_exceptions as exc:\n                screen = getattr(exc, \"screen\", None)\n                stacktrace = getattr(exc, \"stacktrace\", None)\n            time.sleep(self._poll)\n            if time.monotonic() > end_time:\n                break\n>       raise TimeoutException(message, screen, stacktrace)\nE       selenium.common.exceptions.TimeoutException: Message: \nE       Stacktrace:\nE       Backtrace:\nE       \tGetHandleVerifier [0x005BDCE3+50899]\nE       \t(No symbol) [0x0054E111]\nE       \t(No symbol) [0x00455588]\nE       \t(No symbol) [0x004808F9]\nE       \t(No symbol) [0x00480AFB]\nE       \t(No symbol) [0x004AF902]\nE       \t(No symbol) [0x0049B944]\nE       \t(No symbol) [0x004AE01C]\nE       \t(No symbol) [0x0049B6F6]\nE       \t(No symbol) [0x00477708]\nE       \t(No symbol) [0x0047886D]\nE       \tGetHandleVerifier [0x00823EAE+2566302]\nE       \tGetHandleVerifier [0x008592B1+2784417]\nE       \tGetHandleVerifier [0x0085327C+2759788]\nE       \tGetHandleVerifier [0x00655740+672048]\nE       \t(No symbol) [0x00558872]\nE       \t(No symbol) [0x005541C8]\nE       \t(No symbol) [0x005542AB]\nE       \t(No symbol) [0x005471B7]\nE       \tBaseThreadInitThunk [0x763A7D49+25]\nE       \tRtlInitializeExceptionChain [0x7765B74B+107]\nE       \tRtlClearBits [0x7765B6CF+191]\n\n..\\..\\venv\\lib\\site-packages\\selenium\\webdriver\\support\\wait.py:95: TimeoutException"}, "start": 1682870213229, "stop": 1682870213229, "uuid": "50a0a97e-1dac-4fb2-add3-e1ca5dc936bd", "historyId": "0d96f2b7145d061f0008ec10ac286db5", "testCaseId": "bddb43f9e1845ab4fdb2af7beb0db11f", "fullName": "tests.ui_tests.test_main_page#test_open_hair_category_page", "labels": [{"name": "tag", "value": "smoke"}, {"name": "tag", "value": "main"}, {"name": "parentSuite", "value": "tests.ui_tests"}, {"name": "suite", "value": "test_main_page"}, {"name": "host", "value": "DESKTOP-AI869SF"}, {"name": "thread", "value": "6100-MainThread"}, {"name": "framework", "value": "pytest"}, {"name": "language", "value": "cpython3"}, {"name": "package", "value": "tests.ui_tests.test_main_page"}]}